<?xml version="1.0" encoding="UTF-8"?>
<!-- Generated by org.testng.reporters.JUnitReportReporter -->
<testsuite hostname="Appventurezs-MacBook-Pro.local" failures="0" tests="1" name="Practice.ConnexxtedDev.Android.Login" time="6.358" errors="0" timestamp="2024-08-11T20:18:32 IST" skipped="0">
  <testcase classname="Practice.ConnexxtedDev.Android.Login" name="invalidEmail" time="6.358"/>
</testsuite> <!-- Practice.ConnexxtedDev.Android.Login -->
