<?xml version="1.0" encoding="UTF-8"?>
<!-- Generated by org.testng.reporters.JUnitReportReporter -->
<testsuite hostname="Appventurezs-MacBook-Pro.local" failures="0" tests="3" name="Practice.ConnexxtedDev.Android.Home" time="13.338" errors="0" timestamp="2024-08-29T12:02:20 IST" skipped="0">
  <testcase classname="Practice.ConnexxtedDev.Android.Home" name="search" time="6.230"/>
  <testcase classname="Practice.ConnexxtedDev.Android.Home" name="clickOnTitle" time="2.769"/>
  <testcase classname="Practice.ConnexxtedDev.Android.Home" name="clickImage" time="4.339"/>
</testsuite> <!-- Practice.ConnexxtedDev.Android.Home -->
