<?xml version="1.0" encoding="UTF-8"?>
<!-- Generated by org.testng.reporters.JUnitReportReporter -->
<testsuite hostname="Appventurezs-MacBook-Pro.local" failures="0" tests="3" name="Practice.ConnexxtedDev.Android.Login" time="26.480" errors="0" timestamp="2024-08-29T11:57:02 IST" skipped="0">
  <testcase classname="Practice.ConnexxtedDev.Android.Login" name="invalidEmail" time="8.911"/>
  <testcase classname="Practice.ConnexxtedDev.Android.Login" name="validEmailInvalidPassword" time="7.714"/>
  <testcase classname="Practice.ConnexxtedDev.Android.Login" name="validEmailAndPassword" time="9.855"/>
</testsuite> <!-- Practice.ConnexxtedDev.Android.Login -->
